<?xml version="1.0" encoding="UTF-8"?>
<testng-results skipped="0" failed="0" ignored="0" total="1" passed="1">
  <reporter-output>
  </reporter-output>
  <suite name="Default suite" duration-ms="15519" started-at="2020-01-06T18:12:06 IST" finished-at="2020-01-06T18:12:21 IST">
    <groups>
    </groups>
    <test name="Default test" duration-ms="15519" started-at="2020-01-06T18:12:06 IST" finished-at="2020-01-06T18:12:21 IST">
      <class name="testpackage.FBSignUPXPath">
        <test-method status="PASS" signature="method1()[pri:0, instance:testpackage.FBSignUPXPath@eec5a4a]" name="method1" duration-ms="15457" started-at="2020-01-06T18:12:06 IST" finished-at="2020-01-06T18:12:21 IST">
          <reporter-output>
          </reporter-output>
        </test-method> <!-- method1 -->
      </class> <!-- testpackage.FBSignUPXPath -->
    </test> <!-- Default test -->
  </suite> <!-- Default suite -->
</testng-results>
